<?xml version="1.0" encoding="UTF-8"?>
<testsuites name="signUp_TC" time="99" tests="0" failures="1" errors="0">
   <testsuite name="signUp_TC" tests="0" failures="1" errors="0" time="99" timestamp="2018-04-01 01:02:40" hostname="Devakumar M - DevaPc" id="Test Suites/signUp_TC">
      <properties>
         <property name="deviceName" value=""/>
         <property name="devicePlatform" value=""/>
         <property name="logFolder" value="C:\\Users\\Devakumar M\\Katalon Studio\\fashmate Mirror\\Reports\\signUp_TC\\20180401_010219"/>
         <property name="logFiles" value="C:\\Users\\Devakumar M\\Katalon Studio\\fashmate Mirror\\Reports\\signUp_TC\\20180401_010219\\execution0.log"/>
         <property name="attachments" value="C:\\Users\\Devakumar M\\Katalon Studio\\fashmate Mirror\\Reports\\signUp_TC\\20180401_010219\\1522524853454.png, C:\\Users\\Devakumar M\\Katalon Studio\\fashmate Mirror\\Reports\\signUp_TC\\20180401_010219\\1522524854408.png"/>
         <property name="hostName" value="Devakumar M - DevaPc"/>
         <property name="os" value="Windows 10 64bit"/>
         <property name="katalonVersion" value="5.3.1.1"/>
         <property name="browser" value="Firefox 58.0"/>
         <property name="hostAddress" value="192.168.137.1"/>
         <property name="sessionId" value="f415c7e3-7e6a-40d4-aeed-a55371c19bae"/>
         <property name="seleniumVersion" value="3.7.1"/>
         <property name="proxyInformation" value="ProxyInformation{proxyOption=NO_PROXY, proxyServerType=HTTP, password=, proxyServerAddress=, proxyServerPort=0}"/>
         <property name="platform" value="Windows 10"/>
      </properties>
      <testcase name="Test Cases/signUp/signUpFromHomePage" classname="Test Cases/signUp/signUpFromHomePage" status="FAILED">
         <failure type="FAILED" message="Object 'Object Repository/followBrand_OR/a_MY FEED' is NOT visible"/>
         <system-out><![CDATA[2018-04-01 01:03:20 - [TEST_CASE][FAILED] - Test Cases/signUp/signUpFromHomePage: Test Cases/signUp/signUpFromHomePage FAILED because (of) Object 'Object Repository/followBrand_OR/a_MY FEED' is NOT visible

2018-04-01 01:03:21 - [TEST_STEP][PASSED] - navigateToUrl: Navigate to 'http://138.68.48.172' successfully

2018-04-01 01:03:29 - [MESSAGE][PASSED] - Navigate to 'http://138.68.48.172' successfully

2018-04-01 01:03:29 - [TEST_STEP][PASSED] - waitForAngularLoad: Angular is ready.

2018-04-01 01:03:29 - [MESSAGE][WARNING] - Timeout '0' is invalid. Using default page load timeout: '30'

2018-04-01 01:03:35 - [MESSAGE][PASSED] - Angular is ready.

2018-04-01 01:03:35 - [TEST_STEP][PASSED] - verifyElementPresent: Object 'Object Repository/homePage_OR/img_desk_logo ng-scope (1)' is present

2018-04-01 01:03:35 - [MESSAGE][WARNING] - Timeout '0' is invalid. Using default page load timeout: '30'

2018-04-01 01:03:36 - [MESSAGE][PASSED] - Object 'Object Repository/homePage_OR/img_desk_logo ng-scope (1)' is present

2018-04-01 01:03:36 - [TEST_STEP][PASSED] - Statement - username = CustomKeywords.essentials.dateTimeData.generateUsername(): essentials.dateTimeData.generateUsername is PASSED

2018-04-01 01:03:36 - [MESSAGE][PASSED] - essentials.dateTimeData.generateUsername is PASSED

2018-04-01 01:03:36 - [TEST_STEP][PASSED] - Statement - email = CustomKeywords.essentials.dateTimeData.generateEmail(username): essentials.dateTimeData.generateEmail is PASSED

2018-04-01 01:03:36 - [MESSAGE][PASSED] - essentials.dateTimeData.generateEmail is PASSED

2018-04-01 01:03:36 - [TEST_STEP][PASSED] - setText: Text '1804010136@yopmail.com' is set on object 'Object Repository/homePage_OR/input_email (1)'

2018-04-01 01:03:38 - [MESSAGE][PASSED] - Text '1804010136@yopmail.com' is set on object 'Object Repository/homePage_OR/input_email (1)'

2018-04-01 01:03:38 - [TEST_STEP][PASSED] - setText: Text '123456' is set on object 'Object Repository/homePage_OR/input_pwd (1)'

2018-04-01 01:03:38 - [MESSAGE][PASSED] - Text '123456' is set on object 'Object Repository/homePage_OR/input_pwd (1)'

2018-04-01 01:03:38 - [TEST_STEP][PASSED] - Statement - boolEmailRequired = com.kms.katalon.core.webui.keyword.WebUiBuiltInKeywords.verifyElementNotVisible(com.kms.katalon.core.testobject.ObjectRepository.findTestObject(homePage_OR/span_Email is required. (1))): Object 'Object Repository/homePage_OR/span_Email is required. (1)' is NOT visible

2018-04-01 01:03:39 - [MESSAGE][PASSED] - Object 'Object Repository/homePage_OR/span_Email is required. (1)' is NOT visible

2018-04-01 01:03:39 - [TEST_STEP][PASSED] - Statement - boolEmailInvalied = com.kms.katalon.core.webui.keyword.WebUiBuiltInKeywords.verifyElementNotVisible(com.kms.katalon.core.testobject.ObjectRepository.findTestObject(homePage_OR/span_Invalid email address.)): Object 'Object Repository/homePage_OR/span_Invalid email address.' is NOT visible

2018-04-01 01:03:40 - [MESSAGE][PASSED] - Object 'Object Repository/homePage_OR/span_Invalid email address.' is NOT visible

2018-04-01 01:03:40 - [TEST_STEP][PASSED] - Statement - boolPassRequired = com.kms.katalon.core.webui.keyword.WebUiBuiltInKeywords.verifyElementNotVisible(com.kms.katalon.core.testobject.ObjectRepository.findTestObject(homePage_OR/span_Password is required. (1))): Object 'Object Repository/homePage_OR/span_Password is required. (1)' is NOT visible

2018-04-01 01:03:40 - [MESSAGE][PASSED] - Object 'Object Repository/homePage_OR/span_Password is required. (1)' is NOT visible

2018-04-01 01:03:40 - [TEST_STEP][PASSED] - Statement - boolPassLenError = com.kms.katalon.core.webui.keyword.WebUiBuiltInKeywords.verifyElementNotVisible(com.kms.katalon.core.testobject.ObjectRepository.findTestObject(homePage_OR/span_Password must be minimum)): Object 'Object Repository/homePage_OR/span_Password must be minimum' is NOT visible

2018-04-01 01:03:40 - [MESSAGE][PASSED] - Object 'Object Repository/homePage_OR/span_Password must be minimum' is NOT visible

2018-04-01 01:03:40 - [TEST_STEP][PASSED] - click: Object: 'Object Repository/homePage_OR/button_Join  Get 15.00 (1)' is clicked on

2018-04-01 01:03:41 - [MESSAGE][PASSED] - Object: 'Object Repository/homePage_OR/button_Join  Get 15.00 (1)' is clicked on

2018-04-01 01:03:41 - [TEST_STEP][PASSED] - Statement - boolEmailAlreadyPresent = com.kms.katalon.core.webui.keyword.WebUiBuiltInKeywords.verifyElementNotVisible(com.kms.katalon.core.testobject.ObjectRepository.findTestObject(homePage_OR/div_That email or username is), OPTIONAL): Web element with id: 'Object Repository/homePage_OR/div_That email or username is' located by 'By.xpath: //div[(text() = '"That email or username is already taken."' or . = '"That email or username is already taken."')]' not found

2018-04-01 01:04:13 - [MESSAGE][WARNING] - Web element with id: 'Object Repository/homePage_OR/div_That email or username is' located by 'By.xpath: //div[(text() = '"That email or username is already taken."' or . = '"That email or username is already taken."')]' not found
[[ATTACHMENT|C:\\Users\\Devakumar M\\Katalon Studio\\fashmate Mirror\\Reports\\signUp_TC\\20180401_010219\\1522524853454.png]]

2018-04-01 01:04:13 - [TEST_STEP][PASSED] - waitForPageLoad: Wait for page load successfully

2018-04-01 01:04:13 - [MESSAGE][WARNING] - Timeout '0' is invalid. Using default page load timeout: '30'

2018-04-01 01:04:13 - [MESSAGE][PASSED] - Wait for page load successfully

2018-04-01 01:04:13 - [TEST_STEP][PASSED] - verifyElementPresent: Object 'Object Repository/followBrand_OR/h1_Follow Your Favorite Brands' is present

2018-04-01 01:04:13 - [MESSAGE][WARNING] - Timeout '0' is invalid. Using default page load timeout: '30'

2018-04-01 01:04:13 - [MESSAGE][PASSED] - Object 'Object Repository/followBrand_OR/h1_Follow Your Favorite Brands' is present

2018-04-01 01:04:13 - [TEST_STEP][PASSED] - click: Object: 'Object Repository/followBrand_OR/button_Continue to My Feed' is clicked on

2018-04-01 01:04:14 - [MESSAGE][PASSED] - Object: 'Object Repository/followBrand_OR/button_Continue to My Feed' is clicked on

2018-04-01 01:04:14 - [TEST_STEP][PASSED] - waitForPageLoad: Wait for page load successfully

2018-04-01 01:04:14 - [MESSAGE][PASSED] - Wait for page load successfully

2018-04-01 01:04:14 - [TEST_STEP][FAILED] - verifyElementVisible: Object 'Object Repository/followBrand_OR/a_MY FEED' is NOT visible

2018-04-01 01:04:14 - [MESSAGE][FAILED] - Object 'Object Repository/followBrand_OR/a_MY FEED' is NOT visible
[[ATTACHMENT|C:\\Users\\Devakumar M\\Katalon Studio\\fashmate Mirror\\Reports\\signUp_TC\\20180401_010219\\1522524854408.png]]]]></system-out>
         <system-err><![CDATA[2018-04-01 01:03:20 - [TEST_CASE][FAILED] - Test Cases/signUp/signUpFromHomePage: Test Cases/signUp/signUpFromHomePage FAILED because (of) Object 'Object Repository/followBrand_OR/a_MY FEED' is NOT visible]]></system-err>
      </testcase>
      <system-out><![CDATA[2018-04-01 01:02:40 - [TEST_SUITE][FAILED] - signUp_TC: Test Cases/signUp/signUpFromHomePage FAILED because (of) Object 'Object Repository/followBrand_OR/a_MY FEED' is NOT visible]]></system-out>
      <system-err><![CDATA[2018-04-01 01:02:40 - [TEST_SUITE][FAILED] - signUp_TC: Test Cases/signUp/signUpFromHomePage FAILED because (of) Object 'Object Repository/followBrand_OR/a_MY FEED' is NOT visible]]></system-err>
   </testsuite>
</testsuites>
